# JRE version: OpenJDK Runtime Environment (17.0.7) (build 17.0.7+0-b2043.56-10550314)
# Java VM: OpenJDK 64-Bit Server VM (17.0.7+0-b2043.56-10550314, mixed mode, tiered, compressed oops, compressed class ptrs, g1 gc, windows-amd64)
GC Precious Log:
 CPUs: 4 total, 4 available
 Memory: 3504M
 Large Page Support: Disabled
 NUMA Support: Disabled
 Compressed Oops: Enabled (32-bit)
 Heap Region Size: 1M
 Heap Min Capacity: 8M
 Heap Initial Capacity: 56M
 Heap Max Capacity: 2G
 Pre-touch: Disabled
 Parallel Workers: 4
 Concurrent Workers: 1
 Concurrent Refinement Workers: 4
 Periodic GC: Disabled
Heap:
 garbage-first heap   total 140288K, used 74489K [0x0000000080000000, 0x0000000100000000)
  region size 1024K, 11 young (11264K), 3 survivors (3072K)
 Metaspace       used 53545K, committed 54144K, reserved 1114112K
  class space    used 7177K, committed 7488K, reserved 1048576K
GC Heap History (20 events):
Event: 27.119 GC heap before
{Heap before GC invocations=15 (full 0):
 garbage-first heap   total 83968K, used 63746K [0x0000000080000000, 0x0000000100000000)
  region size 1024K, 17 young (17408K), 1 survivors (1024K)
 Metaspace       used 31849K, committed 32256K, reserved 1114112K
  class space    used 4348K, committed 4544K, reserved 1048576K
}
Event: 27.137 GC heap after
{Heap after GC invocations=16 (full 0):
 garbage-first heap   total 83968K, used 49586K [0x0000000080000000, 0x0000000100000000)
  region size 1024K, 3 young (3072K), 3 survivors (3072K)
 Metaspace       used 31849K, committed 32256K, reserved 1114112K
  class space    used 4348K, committed 4544K, reserved 1048576K
}
Event: 29.876 GC heap before
{Heap before GC invocations=16 (full 0):
 garbage-first heap   total 83968K, used 64946K [0x0000000080000000, 0x0000000100000000)
  region size 1024K, 18 young (18432K), 3 survivors (3072K)
 Metaspace       used 33827K, committed 34240K, reserved 1114112K
  class space    used 4665K, committed 4864K, reserved 1048576K
}
Event: 29.964 GC heap after
{Heap after GC invocations=17 (full 0):
 garbage-first heap   total 104448K, used 50249K [0x0000000080000000, 0x0000000100000000)
  region size 1024K, 1 young (1024K), 1 survivors (1024K)
 Metaspace       used 33827K, committed 34240K, reserved 1114112K
  class space    used 4665K, committed 4864K, reserved 1048576K
}
Event: 41.975 GC heap before
{Heap before GC invocations=18 (full 0):
 garbage-first heap   total 104448K, used 77897K [0x0000000080000000, 0x0000000100000000)
  region size 1024K, 29 young (29696K), 1 survivors (1024K)
 Metaspace       used 38264K, committed 38656K, reserved 1114112K
  class space    used 5268K, committed 5440K, reserved 1048576K
}
Event: 42.198 GC heap after
{Heap after GC invocations=19 (full 0):
 garbage-first heap   total 104448K, used 52036K [0x0000000080000000, 0x0000000100000000)
  region size 1024K, 3 young (3072K), 3 survivors (3072K)
 Metaspace       used 38264K, committed 38656K, reserved 1114112K
  class space    used 5268K, committed 5440K, reserved 1048576K
}
Event: 44.584 GC heap before
{Heap before GC invocations=19 (full 0):
 garbage-first heap   total 104448K, used 79684K [0x0000000080000000, 0x0000000100000000)
  region size 1024K, 31 young (31744K), 3 survivors (3072K)
 Metaspace       used 42669K, committed 43072K, reserved 1114112K
  class space    used 5707K, committed 5888K, reserved 1048576K
}
Event: 44.836 GC heap after
{Heap after GC invocations=20 (full 0):
 garbage-first heap   total 104448K, used 55768K [0x0000000080000000, 0x0000000100000000)
  region size 1024K, 4 young (4096K), 4 survivors (4096K)
 Metaspace       used 42669K, committed 43072K, reserved 1114112K
  class space    used 5707K, committed 5888K, reserved 1048576K
}
Event: 46.918 GC heap before
{Heap before GC invocations=21 (full 0):
 garbage-first heap   total 104448K, used 66008K [0x0000000080000000, 0x0000000100000000)
  region size 1024K, 16 young (16384K), 4 survivors (4096K)
 Metaspace       used 43102K, committed 43520K, reserved 1114112K
  class space    used 5753K, committed 5952K, reserved 1048576K
}
Event: 47.011 GC heap after
{Heap after GC invocations=22 (full 0):
 garbage-first heap   total 104448K, used 57889K [0x0000000080000000, 0x0000000100000000)
  region size 1024K, 3 young (3072K), 3 survivors (3072K)
 Metaspace       used 43102K, committed 43520K, reserved 1114112K
  class space    used 5753K, committed 5952K, reserved 1048576K
}
Event: 53.215 GC heap before
{Heap before GC invocations=23 (full 0):
 garbage-first heap   total 107520K, used 87585K [0x0000000080000000, 0x0000000100000000)
  region size 1024K, 27 young (27648K), 3 survivors (3072K)
 Metaspace       used 46718K, committed 47168K, reserved 1114112K
  class space    used 6192K, committed 6400K, reserved 1048576K
}
Event: 53.283 GC heap after
{Heap after GC invocations=24 (full 0):
 garbage-first heap   total 107520K, used 58162K [0x0000000080000000, 0x0000000100000000)
  region size 1024K, 3 young (3072K), 3 survivors (3072K)
 Metaspace       used 46718K, committed 47168K, reserved 1114112K
  class space    used 6192K, committed 6400K, reserved 1048576K
}
Event: 58.011 GC heap before
{Heap before GC invocations=24 (full 0):
 garbage-first heap   total 107520K, used 77618K [0x0000000080000000, 0x0000000100000000)
  region size 1024K, 23 young (23552K), 3 survivors (3072K)
 Metaspace       used 48141K, committed 48576K, reserved 1114112K
  class space    used 6409K, committed 6592K, reserved 1048576K
}
Event: 58.147 GC heap after
{Heap after GC invocations=25 (full 0):
 garbage-first heap   total 107520K, used 60551K [0x0000000080000000, 0x0000000100000000)
  region size 1024K, 4 young (4096K), 4 survivors (4096K)
 Metaspace       used 48141K, committed 48576K, reserved 1114112K
  class space    used 6409K, committed 6592K, reserved 1048576K
}
Event: 58.747 GC heap before
{Heap before GC invocations=26 (full 0):
 garbage-first heap   total 111616K, used 66695K [0x0000000080000000, 0x0000000100000000)
  region size 1024K, 9 young (9216K), 4 survivors (4096K)
 Metaspace       used 48457K, committed 48960K, reserved 1114112K
  class space    used 6432K, committed 6656K, reserved 1048576K
}
Event: 58.784 GC heap after
{Heap after GC invocations=27 (full 0):
 garbage-first heap   total 111616K, used 65248K [0x0000000080000000, 0x0000000100000000)
  region size 1024K, 2 young (2048K), 2 survivors (2048K)
 Metaspace       used 48457K, committed 48960K, reserved 1114112K
  class space    used 6432K, committed 6656K, reserved 1048576K
}
Event: 64.930 GC heap before
{Heap before GC invocations=28 (full 0):
 garbage-first heap   total 116736K, used 88800K [0x0000000080000000, 0x0000000100000000)
  region size 1024K, 23 young (23552K), 2 survivors (2048K)
 Metaspace       used 50948K, committed 51456K, reserved 1114112K
  class space    used 6694K, committed 6912K, reserved 1048576K
}
Event: 65.042 GC heap after
{Heap after GC invocations=29 (full 0):
 garbage-first heap   total 116736K, used 65918K [0x0000000080000000, 0x0000000100000000)
  region size 1024K, 3 young (3072K), 3 survivors (3072K)
 Metaspace       used 50948K, committed 51456K, reserved 1114112K
  class space    used 6694K, committed 6912K, reserved 1048576K
}
Event: 72.604 GC heap before
{Heap before GC invocations=29 (full 0):
 garbage-first heap   total 116736K, used 91518K [0x0000000080000000, 0x0000000100000000)
  region size 1024K, 28 young (28672K), 3 survivors (3072K)
 Metaspace       used 52755K, committed 53376K, reserved 1114112K
  class space    used 7039K, committed 7360K, reserved 1048576K
}
Event: 72.790 GC heap after
{Heap after GC invocations=30 (full 0):
 garbage-first heap   total 140288K, used 67321K [0x0000000080000000, 0x0000000100000000)
  region size 1024K, 3 young (3072K), 3 survivors (3072K)
 Metaspace       used 52755K, committed 53376K, reserved 1114112K
  class space    used 7039K, committed 7360K, reserved 1048576K
}

